[2017-01-19 09:00:55,974] INFO [SessionExpirationListener on 0], ZK expired; shut down all controller components and try to re-elect (kafka.controller.KafkaController$SessionExpirationListener)
[2017-01-19 09:00:55,975] DEBUG [Controller 0]: Controller resigning, broker id 0 (kafka.controller.KafkaController)
[2017-01-19 09:00:55,976] DEBUG [Controller 0]: De-registering IsrChangeNotificationListener (kafka.controller.KafkaController)
[2017-01-19 09:00:55,985] INFO [Partition state machine on Controller 0]: Stopped partition state machine (kafka.controller.PartitionStateMachine)
[2017-01-19 09:00:55,985] INFO [Replica state machine on controller 0]: Stopped replica state machine (kafka.controller.ReplicaStateMachine)
[2017-01-19 09:00:55,988] INFO [Controller-0-to-broker-0-send-thread], Shutting down (kafka.controller.RequestSendThread)
[2017-01-19 09:00:55,988] INFO [Controller-0-to-broker-0-send-thread], Shutdown completed (kafka.controller.RequestSendThread)
[2017-01-19 09:00:55,988] INFO [Controller-0-to-broker-0-send-thread], Stopped  (kafka.controller.RequestSendThread)
[2017-01-19 09:00:55,989] INFO [Controller 0]: Broker 0 resigned as the controller (kafka.controller.KafkaController)
[2017-01-19 09:02:25,018] INFO [BrokerChangeListener on Controller 0]: Broker change listener fired for path /brokers/ids with children 0 (kafka.controller.ReplicaStateMachine$BrokerChangeListener)
[2017-01-19 09:02:25,028] INFO [Controller 0]: Broker 0 starting become controller state transition (kafka.controller.KafkaController)
[2017-01-19 09:02:25,032] INFO [Controller 0]: Initialized controller epoch to 1 and zk version 0 (kafka.controller.KafkaController)
[2017-01-19 09:02:25,038] INFO [Controller 0]: Controller 0 incremented epoch to 2 (kafka.controller.KafkaController)
[2017-01-19 09:02:25,039] DEBUG [Controller 0]: Registering IsrChangeNotificationListener (kafka.controller.KafkaController)
[2017-01-19 09:02:25,071] DEBUG [Channel manager on controller 0]: Controller 0 trying to connect to broker 0 (kafka.controller.ControllerChannelManager)
[2017-01-19 09:02:25,074] INFO [Controller-0-to-broker-0-send-thread], Starting  (kafka.controller.RequestSendThread)
[2017-01-19 09:02:25,074] INFO [Controller 0]: Partitions undergoing preferred replica election:  (kafka.controller.KafkaController)
[2017-01-19 09:02:25,074] INFO [Controller 0]: Partitions that completed preferred replica election:  (kafka.controller.KafkaController)
[2017-01-19 09:02:25,074] INFO [Controller 0]: Resuming preferred replica election for partitions:  (kafka.controller.KafkaController)
[2017-01-19 09:02:25,075] INFO [Controller 0]: Partitions being reassigned: Map() (kafka.controller.KafkaController)
[2017-01-19 09:02:25,075] INFO [Controller 0]: Partitions already reassigned: Set() (kafka.controller.KafkaController)
[2017-01-19 09:02:25,075] INFO [Controller 0]: Resuming reassignment of partitions: Map() (kafka.controller.KafkaController)
[2017-01-19 09:02:25,076] INFO [Controller 0]: List of topics to be deleted:  (kafka.controller.KafkaController)
[2017-01-19 09:02:25,076] INFO [Controller 0]: List of topics ineligible for deletion:  (kafka.controller.KafkaController)
[2017-01-19 09:02:25,077] INFO [Controller 0]: Currently active brokers in the cluster: Set(0) (kafka.controller.KafkaController)
[2017-01-19 09:02:25,077] INFO [Controller 0]: Currently shutting brokers in the cluster: Set() (kafka.controller.KafkaController)
[2017-01-19 09:02:25,077] INFO [Controller 0]: Current list of topics in the cluster: Set(twitterstream) (kafka.controller.KafkaController)
[2017-01-19 09:02:25,078] INFO [Replica state machine on controller 0]: Invoking state change to OnlineReplica for replicas [Topic=twitterstream,Partition=0,Replica=0] (kafka.controller.ReplicaStateMachine)
[2017-01-19 09:02:25,080] INFO [Replica state machine on controller 0]: Started replica state machine with initial state -> Map([Topic=twitterstream,Partition=0,Replica=0] -> OnlineReplica) (kafka.controller.ReplicaStateMachine)
[2017-01-19 09:02:25,081] INFO [Partition state machine on Controller 0]: Started partition state machine with initial state -> Map([twitterstream,0] -> OnlinePartition) (kafka.controller.PartitionStateMachine)
[2017-01-19 09:02:25,081] INFO [Controller 0]: Broker 0 is ready to serve as the new controller with epoch 2 (kafka.controller.KafkaController)
[2017-01-19 09:02:25,081] INFO [Controller 0]: Starting preferred replica leader election for partitions  (kafka.controller.KafkaController)
[2017-01-19 09:02:25,081] INFO [Partition state machine on Controller 0]: Invoking state change to OnlinePartition for partitions  (kafka.controller.PartitionStateMachine)
[2017-01-19 09:02:25,085] INFO [Controller-0-to-broker-0-send-thread], Controller 0 connected to anshuman-Aspire-E5-571:9092 (id: 0 rack: null) for sending state change requests (kafka.controller.RequestSendThread)
[2017-01-19 09:02:25,088] INFO [Controller 0]: starting the partition rebalance scheduler (kafka.controller.KafkaController)
[2017-01-19 09:02:25,103] INFO [AddPartitionsListener on 0]: Partition modification triggered {"version":1,"partitions":{"0":[0]}} for path /brokers/topics/twitterstream (kafka.controller.PartitionStateMachine$PartitionModificationsListener)
[2017-01-19 09:02:25,107] INFO [SessionExpirationListener on 0], ZK expired; shut down all controller components and try to re-elect (kafka.controller.KafkaController$SessionExpirationListener)
[2017-01-19 09:02:25,108] DEBUG [Controller 0]: Controller resigning, broker id 0 (kafka.controller.KafkaController)
[2017-01-19 09:02:25,108] DEBUG [Controller 0]: De-registering IsrChangeNotificationListener (kafka.controller.KafkaController)
[2017-01-19 09:02:25,108] INFO [Partition state machine on Controller 0]: Stopped partition state machine (kafka.controller.PartitionStateMachine)
[2017-01-19 09:02:25,108] INFO [Replica state machine on controller 0]: Stopped replica state machine (kafka.controller.ReplicaStateMachine)
[2017-01-19 09:02:25,110] INFO [Controller-0-to-broker-0-send-thread], Shutting down (kafka.controller.RequestSendThread)
[2017-01-19 09:02:25,110] INFO [Controller-0-to-broker-0-send-thread], Shutdown completed (kafka.controller.RequestSendThread)
[2017-01-19 09:02:25,110] INFO [Controller-0-to-broker-0-send-thread], Stopped  (kafka.controller.RequestSendThread)
[2017-01-19 09:02:25,110] INFO [Controller 0]: Broker 0 resigned as the controller (kafka.controller.KafkaController)
[2017-01-19 09:09:14,119] INFO [SessionExpirationListener on 0], ZK expired; shut down all controller components and try to re-elect (kafka.controller.KafkaController$SessionExpirationListener)
[2017-01-19 09:09:14,124] DEBUG [Controller 0]: Controller resigning, broker id 0 (kafka.controller.KafkaController)
[2017-01-19 09:09:14,124] DEBUG [Controller 0]: De-registering IsrChangeNotificationListener (kafka.controller.KafkaController)
[2017-01-19 09:09:14,125] INFO [Partition state machine on Controller 0]: Stopped partition state machine (kafka.controller.PartitionStateMachine)
[2017-01-19 09:09:14,125] INFO [Replica state machine on controller 0]: Stopped replica state machine (kafka.controller.ReplicaStateMachine)
[2017-01-19 09:09:14,125] INFO [Controller 0]: Broker 0 resigned as the controller (kafka.controller.KafkaController)
[2017-01-19 09:09:20,306] INFO [Controller 0]: Broker 0 starting become controller state transition (kafka.controller.KafkaController)
[2017-01-19 09:09:20,307] INFO [Controller 0]: Initialized controller epoch to 2 and zk version 1 (kafka.controller.KafkaController)
[2017-01-19 09:09:20,313] INFO [Controller 0]: Controller 0 incremented epoch to 3 (kafka.controller.KafkaController)
[2017-01-19 09:09:20,318] DEBUG [Controller 0]: Registering IsrChangeNotificationListener (kafka.controller.KafkaController)
[2017-01-19 09:09:20,344] INFO [Controller 0]: Partitions undergoing preferred replica election:  (kafka.controller.KafkaController)
[2017-01-19 09:09:20,344] INFO [Controller 0]: Partitions that completed preferred replica election:  (kafka.controller.KafkaController)
[2017-01-19 09:09:20,344] INFO [Controller 0]: Resuming preferred replica election for partitions:  (kafka.controller.KafkaController)
[2017-01-19 09:09:20,345] INFO [Controller 0]: Partitions being reassigned: Map() (kafka.controller.KafkaController)
[2017-01-19 09:09:20,345] INFO [Controller 0]: Partitions already reassigned: Set() (kafka.controller.KafkaController)
[2017-01-19 09:09:20,345] INFO [Controller 0]: Resuming reassignment of partitions: Map() (kafka.controller.KafkaController)
[2017-01-19 09:09:20,345] INFO [Controller 0]: List of topics to be deleted:  (kafka.controller.KafkaController)
[2017-01-19 09:09:20,345] INFO [Controller 0]: List of topics ineligible for deletion: twitterstream (kafka.controller.KafkaController)
[2017-01-19 09:09:20,349] INFO [Controller 0]: Currently active brokers in the cluster: Set() (kafka.controller.KafkaController)
[2017-01-19 09:09:20,349] INFO [Controller 0]: Currently shutting brokers in the cluster: Set() (kafka.controller.KafkaController)
[2017-01-19 09:09:20,349] INFO [Controller 0]: Current list of topics in the cluster: Set(twitterstream) (kafka.controller.KafkaController)
[2017-01-19 09:09:20,349] INFO [Replica state machine on controller 0]: Started replica state machine with initial state -> Map([Topic=twitterstream,Partition=0,Replica=0] -> ReplicaDeletionIneligible) (kafka.controller.ReplicaStateMachine)
[2017-01-19 09:09:20,371] DEBUG [OfflinePartitionLeaderSelector]: No broker in ISR is alive for [twitterstream,0]. Pick the leader from the alive assigned replicas:  (kafka.controller.OfflinePartitionLeaderSelector)
[2017-01-19 09:09:20,378] INFO [Partition state machine on Controller 0]: Started partition state machine with initial state -> Map([twitterstream,0] -> OfflinePartition) (kafka.controller.PartitionStateMachine)
[2017-01-19 09:09:20,380] INFO [Controller 0]: Broker 0 is ready to serve as the new controller with epoch 3 (kafka.controller.KafkaController)
[2017-01-19 09:09:20,381] INFO [Controller 0]: Starting preferred replica leader election for partitions  (kafka.controller.KafkaController)
[2017-01-19 09:09:20,381] INFO [Partition state machine on Controller 0]: Invoking state change to OnlinePartition for partitions  (kafka.controller.PartitionStateMachine)
[2017-01-19 09:09:20,384] INFO [Controller 0]: starting the partition rebalance scheduler (kafka.controller.KafkaController)
[2017-01-19 09:09:20,443] INFO [BrokerChangeListener on Controller 0]: Broker change listener fired for path /brokers/ids with children 0 (kafka.controller.ReplicaStateMachine$BrokerChangeListener)
[2017-01-19 09:09:20,470] INFO [BrokerChangeListener on Controller 0]: Newly added brokers: 0, deleted brokers: , all live brokers: 0 (kafka.controller.ReplicaStateMachine$BrokerChangeListener)
[2017-01-19 09:09:20,471] DEBUG [Channel manager on controller 0]: Controller 0 trying to connect to broker 0 (kafka.controller.ControllerChannelManager)
[2017-01-19 09:09:20,480] INFO [Controller 0]: New broker startup callback for 0 (kafka.controller.KafkaController)
[2017-01-19 09:09:20,481] INFO [Replica state machine on controller 0]: Invoking state change to OnlineReplica for replicas [Topic=twitterstream,Partition=0,Replica=0] (kafka.controller.ReplicaStateMachine)
[2017-01-19 09:09:20,492] INFO [Controller-0-to-broker-0-send-thread], Starting  (kafka.controller.RequestSendThread)
[2017-01-19 09:09:20,529] INFO [Controller-0-to-broker-0-send-thread], Controller 0 connected to anshuman-Aspire-E5-571:9092 (id: 0 rack: null) for sending state change requests (kafka.controller.RequestSendThread)
[2017-01-19 09:09:20,535] DEBUG [OfflinePartitionLeaderSelector]: Some broker in ISR is alive for [twitterstream,0]. Select 0 from ISR 0 to be the leader. (kafka.controller.OfflinePartitionLeaderSelector)
[2017-01-19 09:09:20,536] INFO [OfflinePartitionLeaderSelector]: Selected new leader and ISR {"leader":0,"leader_epoch":1,"isr":[0]} for offline partition [twitterstream,0] (kafka.controller.OfflinePartitionLeaderSelector)
[2017-01-19 09:09:20,554] DEBUG [Partition state machine on Controller 0]: After leader election, leader cache is updated to Map([twitterstream,0] -> (Leader:0,ISR:0,LeaderEpoch:1,ControllerEpoch:3)) (kafka.controller.PartitionStateMachine)
[2017-01-19 09:09:25,384] TRACE [Controller 0]: checking need to trigger partition rebalance (kafka.controller.KafkaController)
[2017-01-19 09:09:25,384] DEBUG [Controller 0]: preferred replicas by broker Map(0 -> Map([twitterstream,0] -> List(0))) (kafka.controller.KafkaController)
[2017-01-19 09:09:25,386] DEBUG [Controller 0]: topics not in preferred replica Map() (kafka.controller.KafkaController)
[2017-01-19 09:09:25,387] TRACE [Controller 0]: leader imbalance ratio for broker 0 is 0.000000 (kafka.controller.KafkaController)
[2017-01-19 09:12:29,063] INFO [SessionExpirationListener on 0], ZK expired; shut down all controller components and try to re-elect (kafka.controller.KafkaController$SessionExpirationListener)
[2017-01-19 09:12:29,063] DEBUG [Controller 0]: Controller resigning, broker id 0 (kafka.controller.KafkaController)
[2017-01-19 09:12:29,063] DEBUG [Controller 0]: De-registering IsrChangeNotificationListener (kafka.controller.KafkaController)
[2017-01-19 09:12:29,064] INFO [Partition state machine on Controller 0]: Stopped partition state machine (kafka.controller.PartitionStateMachine)
[2017-01-19 09:12:29,064] INFO [Replica state machine on controller 0]: Stopped replica state machine (kafka.controller.ReplicaStateMachine)
[2017-01-19 09:12:29,076] INFO [Controller-0-to-broker-0-send-thread], Shutting down (kafka.controller.RequestSendThread)
[2017-01-19 09:12:29,076] INFO [Controller-0-to-broker-0-send-thread], Stopped  (kafka.controller.RequestSendThread)
[2017-01-19 09:12:29,076] INFO [Controller-0-to-broker-0-send-thread], Shutdown completed (kafka.controller.RequestSendThread)
[2017-01-19 09:12:29,076] INFO [Controller 0]: Broker 0 resigned as the controller (kafka.controller.KafkaController)
[2017-01-19 09:15:03,419] INFO [Controller 0]: Broker 0 starting become controller state transition (kafka.controller.KafkaController)
[2017-01-19 09:15:17,552] INFO [Controller 0]: Initialized controller epoch to 3 and zk version 2 (kafka.controller.KafkaController)
[2017-01-19 09:16:26,885] INFO [Controller 0]: Controller 0 incremented epoch to 4 (kafka.controller.KafkaController)
[2017-01-19 09:16:26,885] DEBUG [Controller 0]: Registering IsrChangeNotificationListener (kafka.controller.KafkaController)
[2017-01-19 09:16:32,616] INFO [Controller 0]: Partitions undergoing preferred replica election:  (kafka.controller.KafkaController)
[2017-01-19 09:16:33,374] INFO [Controller 0]: Partitions that completed preferred replica election:  (kafka.controller.KafkaController)
[2017-01-19 09:16:33,374] INFO [Controller 0]: Resuming preferred replica election for partitions:  (kafka.controller.KafkaController)
[2017-01-19 09:16:33,377] INFO [Controller 0]: Partitions being reassigned: Map() (kafka.controller.KafkaController)
[2017-01-19 09:16:33,377] INFO [Controller 0]: Partitions already reassigned: Set() (kafka.controller.KafkaController)
[2017-01-19 09:16:33,377] INFO [Controller 0]: Resuming reassignment of partitions: Map() (kafka.controller.KafkaController)
[2017-01-19 09:16:33,379] INFO [Controller 0]: List of topics to be deleted:  (kafka.controller.KafkaController)
[2017-01-19 09:16:33,379] INFO [Controller 0]: List of topics ineligible for deletion: twitterstream (kafka.controller.KafkaController)
[2017-01-19 09:16:33,379] INFO [Controller 0]: Currently active brokers in the cluster: Set() (kafka.controller.KafkaController)
[2017-01-19 09:16:33,379] INFO [Controller 0]: Currently shutting brokers in the cluster: Set() (kafka.controller.KafkaController)
[2017-01-19 09:16:33,380] INFO [Controller 0]: Current list of topics in the cluster: Set(twitterstream) (kafka.controller.KafkaController)
[2017-01-19 09:16:33,380] INFO [Replica state machine on controller 0]: Started replica state machine with initial state -> Map([Topic=twitterstream,Partition=0,Replica=0] -> ReplicaDeletionIneligible) (kafka.controller.ReplicaStateMachine)
[2017-01-19 09:16:33,394] DEBUG [OfflinePartitionLeaderSelector]: No broker in ISR is alive for [twitterstream,0]. Pick the leader from the alive assigned replicas:  (kafka.controller.OfflinePartitionLeaderSelector)
[2017-01-19 09:16:33,395] INFO [Partition state machine on Controller 0]: Started partition state machine with initial state -> Map([twitterstream,0] -> OfflinePartition) (kafka.controller.PartitionStateMachine)
[2017-01-19 09:16:33,400] INFO [Controller 0]: Broker 0 is ready to serve as the new controller with epoch 4 (kafka.controller.KafkaController)
[2017-01-19 09:16:33,401] INFO [Controller 0]: Starting preferred replica leader election for partitions  (kafka.controller.KafkaController)
[2017-01-19 09:16:33,401] INFO [Partition state machine on Controller 0]: Invoking state change to OnlinePartition for partitions  (kafka.controller.PartitionStateMachine)
[2017-01-19 09:17:32,908] INFO [Controller 0]: starting the partition rebalance scheduler (kafka.controller.KafkaController)
[2017-01-19 09:17:33,050] DEBUG [IsrChangeNotificationListener] Fired!!! (kafka.controller.IsrChangeNotificationListener)
[2017-01-19 09:17:33,053] INFO [BrokerChangeListener on Controller 0]: Broker change listener fired for path /brokers/ids with children 0 (kafka.controller.ReplicaStateMachine$BrokerChangeListener)
[2017-01-19 09:17:33,097] INFO [BrokerChangeListener on Controller 0]: Newly added brokers: 0, deleted brokers: , all live brokers: 0 (kafka.controller.ReplicaStateMachine$BrokerChangeListener)
[2017-01-19 09:17:33,097] DEBUG [Channel manager on controller 0]: Controller 0 trying to connect to broker 0 (kafka.controller.ControllerChannelManager)
[2017-01-19 09:17:33,098] INFO [Controller 0]: New broker startup callback for 0 (kafka.controller.KafkaController)
[2017-01-19 09:17:33,100] INFO [Controller-0-to-broker-0-send-thread], Starting  (kafka.controller.RequestSendThread)
[2017-01-19 09:17:33,101] INFO [Replica state machine on controller 0]: Invoking state change to OnlineReplica for replicas [Topic=twitterstream,Partition=0,Replica=0] (kafka.controller.ReplicaStateMachine)
[2017-01-19 09:17:33,101] INFO [Controller-0-to-broker-0-send-thread], Controller 0 connected to anshuman-Aspire-E5-571:9092 (id: 0 rack: null) for sending state change requests (kafka.controller.RequestSendThread)
[2017-01-19 09:17:33,107] DEBUG [OfflinePartitionLeaderSelector]: Some broker in ISR is alive for [twitterstream,0]. Select 0 from ISR 0 to be the leader. (kafka.controller.OfflinePartitionLeaderSelector)
[2017-01-19 09:17:33,107] INFO [OfflinePartitionLeaderSelector]: Selected new leader and ISR {"leader":0,"leader_epoch":2,"isr":[0]} for offline partition [twitterstream,0] (kafka.controller.OfflinePartitionLeaderSelector)
[2017-01-19 09:17:33,179] DEBUG [Partition state machine on Controller 0]: After leader election, leader cache is updated to Map([twitterstream,0] -> (Leader:0,ISR:0,LeaderEpoch:2,ControllerEpoch:4)) (kafka.controller.PartitionStateMachine)
[2017-01-19 09:17:33,187] DEBUG [TopicChangeListener on Controller 0]: Topic change listener fired for path /brokers/topics with children twitterstream (kafka.controller.PartitionStateMachine$TopicChangeListener)
[2017-01-19 09:17:33,187] INFO [TopicChangeListener on Controller 0]: New topics: [Set()], deleted topics: [Set()], new partition replica assignment [Map()] (kafka.controller.PartitionStateMachine$TopicChangeListener)
[2017-01-19 09:17:33,192] DEBUG [Controller 0]: Controller resigning, broker id 0 (kafka.controller.KafkaController)
[2017-01-19 09:17:33,192] DEBUG [Controller 0]: De-registering IsrChangeNotificationListener (kafka.controller.KafkaController)
[2017-01-19 09:17:33,193] INFO [Partition state machine on Controller 0]: Stopped partition state machine (kafka.controller.PartitionStateMachine)
[2017-01-19 09:17:33,193] INFO [Replica state machine on controller 0]: Stopped replica state machine (kafka.controller.ReplicaStateMachine)
[2017-01-19 09:17:33,195] INFO [Controller-0-to-broker-0-send-thread], Shutting down (kafka.controller.RequestSendThread)
[2017-01-19 09:17:33,195] INFO [Controller-0-to-broker-0-send-thread], Stopped  (kafka.controller.RequestSendThread)
[2017-01-19 09:17:33,195] INFO [Controller-0-to-broker-0-send-thread], Shutdown completed (kafka.controller.RequestSendThread)
[2017-01-19 09:17:33,195] INFO [Controller 0]: Broker 0 resigned as the controller (kafka.controller.KafkaController)
[2017-01-19 09:17:33,221] INFO [Controller 0]: Broker 0 starting become controller state transition (kafka.controller.KafkaController)
[2017-01-19 09:17:33,222] INFO [Controller 0]: Initialized controller epoch to 4 and zk version 3 (kafka.controller.KafkaController)
[2017-01-19 09:17:33,266] INFO [Controller 0]: Controller 0 incremented epoch to 5 (kafka.controller.KafkaController)
[2017-01-19 09:17:33,267] DEBUG [Controller 0]: Registering IsrChangeNotificationListener (kafka.controller.KafkaController)
[2017-01-19 09:17:33,290] DEBUG [Channel manager on controller 0]: Controller 0 trying to connect to broker 0 (kafka.controller.ControllerChannelManager)
[2017-01-19 09:17:33,310] INFO [Controller 0]: Partitions undergoing preferred replica election:  (kafka.controller.KafkaController)
[2017-01-19 09:17:33,310] INFO [Controller 0]: Partitions that completed preferred replica election:  (kafka.controller.KafkaController)
[2017-01-19 09:17:33,310] INFO [Controller 0]: Resuming preferred replica election for partitions:  (kafka.controller.KafkaController)
[2017-01-19 09:17:33,311] INFO [Controller 0]: Partitions being reassigned: Map() (kafka.controller.KafkaController)
[2017-01-19 09:17:33,311] INFO [Controller 0]: Partitions already reassigned: Set() (kafka.controller.KafkaController)
[2017-01-19 09:17:33,311] INFO [Controller 0]: Resuming reassignment of partitions: Map() (kafka.controller.KafkaController)
[2017-01-19 09:17:33,312] INFO [Controller-0-to-broker-0-send-thread], Starting  (kafka.controller.RequestSendThread)
[2017-01-19 09:17:33,312] INFO [Controller 0]: List of topics to be deleted:  (kafka.controller.KafkaController)
[2017-01-19 09:17:33,312] INFO [Controller 0]: List of topics ineligible for deletion:  (kafka.controller.KafkaController)
[2017-01-19 09:17:33,312] INFO [Controller 0]: Currently active brokers in the cluster: Set(0) (kafka.controller.KafkaController)
[2017-01-19 09:17:33,312] INFO [Controller 0]: Currently shutting brokers in the cluster: Set() (kafka.controller.KafkaController)
[2017-01-19 09:17:33,312] INFO [Controller 0]: Current list of topics in the cluster: Set(twitterstream) (kafka.controller.KafkaController)
[2017-01-19 09:17:33,312] INFO [Replica state machine on controller 0]: Invoking state change to OnlineReplica for replicas [Topic=twitterstream,Partition=0,Replica=0] (kafka.controller.ReplicaStateMachine)
[2017-01-19 09:17:33,313] INFO [Replica state machine on controller 0]: Started replica state machine with initial state -> Map([Topic=twitterstream,Partition=0,Replica=0] -> OnlineReplica) (kafka.controller.ReplicaStateMachine)
[2017-01-19 09:17:33,313] INFO [Partition state machine on Controller 0]: Started partition state machine with initial state -> Map([twitterstream,0] -> OnlinePartition) (kafka.controller.PartitionStateMachine)
[2017-01-19 09:17:33,314] INFO [Controller-0-to-broker-0-send-thread], Controller 0 connected to anshuman-Aspire-E5-571:9092 (id: 0 rack: null) for sending state change requests (kafka.controller.RequestSendThread)
[2017-01-19 09:17:33,315] INFO [Controller 0]: Broker 0 is ready to serve as the new controller with epoch 5 (kafka.controller.KafkaController)
[2017-01-19 09:17:33,315] INFO [Controller 0]: Starting preferred replica leader election for partitions  (kafka.controller.KafkaController)
[2017-01-19 09:17:33,315] INFO [Partition state machine on Controller 0]: Invoking state change to OnlinePartition for partitions  (kafka.controller.PartitionStateMachine)
[2017-01-19 09:17:34,562] INFO [Controller 0]: starting the partition rebalance scheduler (kafka.controller.KafkaController)
[2017-01-19 09:17:34,571] INFO [AddPartitionsListener on 0]: Partition modification triggered {"version":1,"partitions":{"0":[0]}} for path /brokers/topics/twitterstream (kafka.controller.PartitionStateMachine$PartitionModificationsListener)
[2017-01-19 09:17:34,574] INFO [SessionExpirationListener on 0], ZK expired; shut down all controller components and try to re-elect (kafka.controller.KafkaController$SessionExpirationListener)
[2017-01-19 09:17:34,574] DEBUG [Controller 0]: Controller resigning, broker id 0 (kafka.controller.KafkaController)
[2017-01-19 09:17:34,574] DEBUG [Controller 0]: De-registering IsrChangeNotificationListener (kafka.controller.KafkaController)
[2017-01-19 09:17:34,578] INFO [Partition state machine on Controller 0]: Stopped partition state machine (kafka.controller.PartitionStateMachine)
[2017-01-19 09:17:34,578] INFO [Replica state machine on controller 0]: Stopped replica state machine (kafka.controller.ReplicaStateMachine)
[2017-01-19 09:17:34,580] INFO [Controller-0-to-broker-0-send-thread], Shutting down (kafka.controller.RequestSendThread)
[2017-01-19 09:17:34,580] INFO [Controller-0-to-broker-0-send-thread], Stopped  (kafka.controller.RequestSendThread)
[2017-01-19 09:17:34,580] INFO [Controller-0-to-broker-0-send-thread], Shutdown completed (kafka.controller.RequestSendThread)
[2017-01-19 09:17:34,580] INFO [Controller 0]: Broker 0 resigned as the controller (kafka.controller.KafkaController)
[2017-01-19 09:17:35,975] INFO [SessionExpirationListener on 0], ZK expired; shut down all controller components and try to re-elect (kafka.controller.KafkaController$SessionExpirationListener)
[2017-01-19 09:17:35,976] DEBUG [Controller 0]: Controller resigning, broker id 0 (kafka.controller.KafkaController)
[2017-01-19 09:17:35,976] DEBUG [Controller 0]: De-registering IsrChangeNotificationListener (kafka.controller.KafkaController)
[2017-01-19 09:17:35,976] INFO [Partition state machine on Controller 0]: Stopped partition state machine (kafka.controller.PartitionStateMachine)
[2017-01-19 09:17:35,976] INFO [Replica state machine on controller 0]: Stopped replica state machine (kafka.controller.ReplicaStateMachine)
[2017-01-19 09:17:35,976] INFO [Controller 0]: Broker 0 resigned as the controller (kafka.controller.KafkaController)
[2017-01-19 09:17:36,037] DEBUG [IsrChangeNotificationListener] Fired!!! (kafka.controller.IsrChangeNotificationListener)
[2017-01-19 09:17:36,038] INFO [BrokerChangeListener on Controller 0]: Broker change listener fired for path /brokers/ids with children 0 (kafka.controller.ReplicaStateMachine$BrokerChangeListener)
[2017-01-19 09:17:36,109] INFO [AddPartitionsListener on 0]: Partition modification triggered {"version":1,"partitions":{"0":[0]}} for path /brokers/topics/twitterstream (kafka.controller.PartitionStateMachine$PartitionModificationsListener)
[2017-01-19 09:18:33,222] INFO [SessionExpirationListener on 0], ZK expired; shut down all controller components and try to re-elect (kafka.controller.KafkaController$SessionExpirationListener)
[2017-01-19 09:18:42,703] DEBUG [Controller 0]: Controller resigning, broker id 0 (kafka.controller.KafkaController)
[2017-01-19 09:18:42,703] DEBUG [Controller 0]: De-registering IsrChangeNotificationListener (kafka.controller.KafkaController)
[2017-01-19 09:18:42,703] INFO [Partition state machine on Controller 0]: Stopped partition state machine (kafka.controller.PartitionStateMachine)
[2017-01-19 09:18:42,703] INFO [Replica state machine on controller 0]: Stopped replica state machine (kafka.controller.ReplicaStateMachine)
[2017-01-19 09:18:42,703] INFO [Controller 0]: Broker 0 resigned as the controller (kafka.controller.KafkaController)
[2017-01-19 09:19:31,736] INFO [Controller 0]: Broker 0 starting become controller state transition (kafka.controller.KafkaController)
[2017-01-19 09:20:28,475] INFO [Controller 0]: Initialized controller epoch to 5 and zk version 4 (kafka.controller.KafkaController)
[2017-01-19 09:20:28,483] INFO [Controller 0]: Controller 0 incremented epoch to 6 (kafka.controller.KafkaController)
[2017-01-19 09:20:28,483] DEBUG [Controller 0]: Registering IsrChangeNotificationListener (kafka.controller.KafkaController)
[2017-01-19 09:20:33,617] INFO [Controller 0]: Partitions undergoing preferred replica election:  (kafka.controller.KafkaController)
[2017-01-19 09:20:33,617] INFO [Controller 0]: Partitions that completed preferred replica election:  (kafka.controller.KafkaController)
[2017-01-19 09:20:33,617] INFO [Controller 0]: Resuming preferred replica election for partitions:  (kafka.controller.KafkaController)
[2017-01-19 09:20:33,624] INFO [Controller 0]: Partitions being reassigned: Map() (kafka.controller.KafkaController)
[2017-01-19 09:20:33,625] INFO [Controller 0]: Partitions already reassigned: Set() (kafka.controller.KafkaController)
[2017-01-19 09:20:33,625] INFO [Controller 0]: Resuming reassignment of partitions: Map() (kafka.controller.KafkaController)
[2017-01-19 09:20:33,633] INFO [Controller 0]: List of topics to be deleted:  (kafka.controller.KafkaController)
[2017-01-19 09:20:33,633] INFO [Controller 0]: List of topics ineligible for deletion: twitterstream (kafka.controller.KafkaController)
[2017-01-19 09:20:33,633] INFO [Controller 0]: Currently active brokers in the cluster: Set() (kafka.controller.KafkaController)
[2017-01-19 09:20:33,633] INFO [Controller 0]: Currently shutting brokers in the cluster: Set() (kafka.controller.KafkaController)
[2017-01-19 09:20:33,633] INFO [Controller 0]: Current list of topics in the cluster: Set(twitterstream) (kafka.controller.KafkaController)
[2017-01-19 09:20:33,633] INFO [Replica state machine on controller 0]: Started replica state machine with initial state -> Map([Topic=twitterstream,Partition=0,Replica=0] -> ReplicaDeletionIneligible) (kafka.controller.ReplicaStateMachine)
[2017-01-19 09:20:33,654] DEBUG [OfflinePartitionLeaderSelector]: No broker in ISR is alive for [twitterstream,0]. Pick the leader from the alive assigned replicas:  (kafka.controller.OfflinePartitionLeaderSelector)
[2017-01-19 09:20:33,654] INFO [Partition state machine on Controller 0]: Started partition state machine with initial state -> Map([twitterstream,0] -> OfflinePartition) (kafka.controller.PartitionStateMachine)
[2017-01-19 09:20:33,656] INFO [Controller 0]: Broker 0 is ready to serve as the new controller with epoch 6 (kafka.controller.KafkaController)
[2017-01-19 09:20:33,656] INFO [Controller 0]: Starting preferred replica leader election for partitions  (kafka.controller.KafkaController)
[2017-01-19 09:20:33,656] INFO [Partition state machine on Controller 0]: Invoking state change to OnlinePartition for partitions  (kafka.controller.PartitionStateMachine)
[2017-01-19 09:20:34,920] INFO [Controller 0]: starting the partition rebalance scheduler (kafka.controller.KafkaController)
[2017-01-19 09:20:36,282] DEBUG [Controller 0]: Controller resigning, broker id 0 (kafka.controller.KafkaController)
[2017-01-19 09:20:36,282] DEBUG [Controller 0]: De-registering IsrChangeNotificationListener (kafka.controller.KafkaController)
[2017-01-19 09:20:36,282] INFO [Partition state machine on Controller 0]: Stopped partition state machine (kafka.controller.PartitionStateMachine)
[2017-01-19 09:20:36,282] INFO [Replica state machine on controller 0]: Stopped replica state machine (kafka.controller.ReplicaStateMachine)
[2017-01-19 09:20:36,282] INFO [Controller 0]: Broker 0 resigned as the controller (kafka.controller.KafkaController)
[2017-01-19 09:20:36,312] INFO [Controller 0]: Broker 0 starting become controller state transition (kafka.controller.KafkaController)
[2017-01-19 09:20:36,313] INFO [Controller 0]: Initialized controller epoch to 6 and zk version 5 (kafka.controller.KafkaController)
[2017-01-19 09:20:36,327] INFO [Controller 0]: Controller 0 incremented epoch to 7 (kafka.controller.KafkaController)
[2017-01-19 09:20:36,328] DEBUG [Controller 0]: Registering IsrChangeNotificationListener (kafka.controller.KafkaController)
[2017-01-19 09:20:36,341] DEBUG [Channel manager on controller 0]: Controller 0 trying to connect to broker 0 (kafka.controller.ControllerChannelManager)
[2017-01-19 09:20:36,343] INFO [Controller-0-to-broker-0-send-thread], Starting  (kafka.controller.RequestSendThread)
[2017-01-19 09:20:36,343] INFO [Controller 0]: Partitions undergoing preferred replica election:  (kafka.controller.KafkaController)
[2017-01-19 09:20:36,343] INFO [Controller 0]: Partitions that completed preferred replica election:  (kafka.controller.KafkaController)
[2017-01-19 09:20:36,343] INFO [Controller 0]: Resuming preferred replica election for partitions:  (kafka.controller.KafkaController)
[2017-01-19 09:20:36,344] INFO [Controller 0]: Partitions being reassigned: Map() (kafka.controller.KafkaController)
[2017-01-19 09:20:36,344] INFO [Controller 0]: Partitions already reassigned: Set() (kafka.controller.KafkaController)
[2017-01-19 09:20:36,344] INFO [Controller 0]: Resuming reassignment of partitions: Map() (kafka.controller.KafkaController)
[2017-01-19 09:20:36,345] INFO [Controller 0]: List of topics to be deleted:  (kafka.controller.KafkaController)
[2017-01-19 09:20:36,345] INFO [Controller 0]: List of topics ineligible for deletion:  (kafka.controller.KafkaController)
[2017-01-19 09:20:36,345] INFO [Controller 0]: Currently active brokers in the cluster: Set(0) (kafka.controller.KafkaController)
[2017-01-19 09:20:36,345] INFO [Controller 0]: Currently shutting brokers in the cluster: Set() (kafka.controller.KafkaController)
[2017-01-19 09:20:36,345] INFO [Controller 0]: Current list of topics in the cluster: Set(twitterstream) (kafka.controller.KafkaController)
[2017-01-19 09:20:36,345] INFO [Replica state machine on controller 0]: Invoking state change to OnlineReplica for replicas [Topic=twitterstream,Partition=0,Replica=0] (kafka.controller.ReplicaStateMachine)
[2017-01-19 09:20:36,346] INFO [Replica state machine on controller 0]: Started replica state machine with initial state -> Map([Topic=twitterstream,Partition=0,Replica=0] -> OnlineReplica) (kafka.controller.ReplicaStateMachine)
[2017-01-19 09:20:36,346] INFO [Partition state machine on Controller 0]: Started partition state machine with initial state -> Map([twitterstream,0] -> OnlinePartition) (kafka.controller.PartitionStateMachine)
[2017-01-19 09:20:36,346] INFO [Controller 0]: Broker 0 is ready to serve as the new controller with epoch 7 (kafka.controller.KafkaController)
[2017-01-19 09:20:36,346] INFO [Controller-0-to-broker-0-send-thread], Controller 0 connected to anshuman-Aspire-E5-571:9092 (id: 0 rack: null) for sending state change requests (kafka.controller.RequestSendThread)
[2017-01-19 09:20:36,346] INFO [Controller 0]: Starting preferred replica leader election for partitions  (kafka.controller.KafkaController)
[2017-01-19 09:20:36,346] INFO [Partition state machine on Controller 0]: Invoking state change to OnlinePartition for partitions  (kafka.controller.PartitionStateMachine)
[2017-01-19 09:20:36,363] INFO [Controller 0]: starting the partition rebalance scheduler (kafka.controller.KafkaController)
[2017-01-19 09:20:36,363] INFO [SessionExpirationListener on 0], ZK expired; shut down all controller components and try to re-elect (kafka.controller.KafkaController$SessionExpirationListener)
[2017-01-19 09:20:36,363] DEBUG [Controller 0]: Controller resigning, broker id 0 (kafka.controller.KafkaController)
[2017-01-19 09:20:36,363] DEBUG [Controller 0]: De-registering IsrChangeNotificationListener (kafka.controller.KafkaController)
[2017-01-19 09:20:36,363] INFO [Partition state machine on Controller 0]: Stopped partition state machine (kafka.controller.PartitionStateMachine)
[2017-01-19 09:20:36,363] INFO [Replica state machine on controller 0]: Stopped replica state machine (kafka.controller.ReplicaStateMachine)
[2017-01-19 09:20:36,366] INFO [Controller-0-to-broker-0-send-thread], Shutting down (kafka.controller.RequestSendThread)
[2017-01-19 09:20:36,367] WARN [Controller-0-to-broker-0-send-thread], Controller 0 epoch 7 fails to send request {controller_id=0,controller_epoch=7,partition_states=[{topic=twitterstream,partition=0,controller_epoch=4,leader=0,leader_epoch=2,isr=[0],zk_version=2,replicas=[0]}],live_brokers=[{id=0,end_points=[{port=9092,host=anshuman-Aspire-E5-571,security_protocol_type=0}],rack=null}]} to broker anshuman-Aspire-E5-571:9092 (id: 0 rack: null). Reconnecting to broker. (kafka.controller.RequestSendThread)
java.io.IOException: Connection to 0 was disconnected before the response was read
	at kafka.utils.NetworkClientBlockingOps$$anonfun$blockingSendAndReceive$extension$1$$anonfun$apply$1.apply(NetworkClientBlockingOps.scala:115)
	at kafka.utils.NetworkClientBlockingOps$$anonfun$blockingSendAndReceive$extension$1$$anonfun$apply$1.apply(NetworkClientBlockingOps.scala:112)
	at scala.Option.foreach(Option.scala:257)
	at kafka.utils.NetworkClientBlockingOps$$anonfun$blockingSendAndReceive$extension$1.apply(NetworkClientBlockingOps.scala:112)
	at kafka.utils.NetworkClientBlockingOps$$anonfun$blockingSendAndReceive$extension$1.apply(NetworkClientBlockingOps.scala:108)
	at kafka.utils.NetworkClientBlockingOps$.recursivePoll$1(NetworkClientBlockingOps.scala:137)
	at kafka.utils.NetworkClientBlockingOps$.kafka$utils$NetworkClientBlockingOps$$pollContinuously$extension(NetworkClientBlockingOps.scala:143)
	at kafka.utils.NetworkClientBlockingOps$.blockingSendAndReceive$extension(NetworkClientBlockingOps.scala:108)
	at kafka.controller.RequestSendThread.liftedTree1$1(ControllerChannelManager.scala:190)
	at kafka.controller.RequestSendThread.doWork(ControllerChannelManager.scala:181)
	at kafka.utils.ShutdownableThread.run(ShutdownableThread.scala:63)
[2017-01-19 09:20:36,368] INFO [Controller-0-to-broker-0-send-thread], Stopped  (kafka.controller.RequestSendThread)
[2017-01-19 09:20:36,368] INFO [Controller-0-to-broker-0-send-thread], Shutdown completed (kafka.controller.RequestSendThread)
[2017-01-19 09:20:36,368] INFO [Controller 0]: Broker 0 resigned as the controller (kafka.controller.KafkaController)
[2017-01-19 09:20:36,401] INFO [BrokerChangeListener on Controller 0]: Broker change listener fired for path /brokers/ids with children 0 (kafka.controller.ReplicaStateMachine$BrokerChangeListener)
[2017-01-19 09:25:08,180] INFO [SessionExpirationListener on 0], ZK expired; shut down all controller components and try to re-elect (kafka.controller.KafkaController$SessionExpirationListener)
[2017-01-19 09:25:08,181] DEBUG [Controller 0]: Controller resigning, broker id 0 (kafka.controller.KafkaController)
[2017-01-19 09:25:08,182] DEBUG [Controller 0]: De-registering IsrChangeNotificationListener (kafka.controller.KafkaController)
[2017-01-19 09:25:08,182] INFO [Partition state machine on Controller 0]: Stopped partition state machine (kafka.controller.PartitionStateMachine)
[2017-01-19 09:25:08,182] INFO [Replica state machine on controller 0]: Stopped replica state machine (kafka.controller.ReplicaStateMachine)
[2017-01-19 09:25:08,182] INFO [Controller 0]: Broker 0 resigned as the controller (kafka.controller.KafkaController)
[2017-01-19 09:25:20,901] INFO [Controller 0]: Broker 0 starting become controller state transition (kafka.controller.KafkaController)
[2017-01-19 09:25:20,903] INFO [Controller 0]: Initialized controller epoch to 7 and zk version 6 (kafka.controller.KafkaController)
[2017-01-19 09:25:20,910] INFO [Controller 0]: Controller 0 incremented epoch to 8 (kafka.controller.KafkaController)
[2017-01-19 09:25:20,915] DEBUG [Controller 0]: Registering IsrChangeNotificationListener (kafka.controller.KafkaController)
[2017-01-19 09:25:20,928] INFO [Controller 0]: Partitions undergoing preferred replica election:  (kafka.controller.KafkaController)
[2017-01-19 09:25:20,928] INFO [Controller 0]: Partitions that completed preferred replica election:  (kafka.controller.KafkaController)
[2017-01-19 09:25:20,928] INFO [Controller 0]: Resuming preferred replica election for partitions:  (kafka.controller.KafkaController)
[2017-01-19 09:25:20,928] INFO [Controller 0]: Partitions being reassigned: Map() (kafka.controller.KafkaController)
[2017-01-19 09:25:20,928] INFO [Controller 0]: Partitions already reassigned: Set() (kafka.controller.KafkaController)
[2017-01-19 09:25:20,928] INFO [Controller 0]: Resuming reassignment of partitions: Map() (kafka.controller.KafkaController)
[2017-01-19 09:25:20,928] INFO [Controller 0]: List of topics to be deleted:  (kafka.controller.KafkaController)
[2017-01-19 09:25:20,928] INFO [Controller 0]: List of topics ineligible for deletion: twitterstream (kafka.controller.KafkaController)
[2017-01-19 09:25:20,928] INFO [Controller 0]: Currently active brokers in the cluster: Set() (kafka.controller.KafkaController)
[2017-01-19 09:25:20,928] INFO [Controller 0]: Currently shutting brokers in the cluster: Set() (kafka.controller.KafkaController)
[2017-01-19 09:25:20,928] INFO [Controller 0]: Current list of topics in the cluster: Set(twitterstream) (kafka.controller.KafkaController)
[2017-01-19 09:25:20,928] INFO [Replica state machine on controller 0]: Started replica state machine with initial state -> Map([Topic=twitterstream,Partition=0,Replica=0] -> ReplicaDeletionIneligible) (kafka.controller.ReplicaStateMachine)
[2017-01-19 09:25:20,932] DEBUG [OfflinePartitionLeaderSelector]: No broker in ISR is alive for [twitterstream,0]. Pick the leader from the alive assigned replicas:  (kafka.controller.OfflinePartitionLeaderSelector)
[2017-01-19 09:25:20,932] INFO [Partition state machine on Controller 0]: Started partition state machine with initial state -> Map([twitterstream,0] -> OfflinePartition) (kafka.controller.PartitionStateMachine)
[2017-01-19 09:25:20,933] INFO [Controller 0]: Broker 0 is ready to serve as the new controller with epoch 8 (kafka.controller.KafkaController)
[2017-01-19 09:25:20,933] INFO [Controller 0]: Starting preferred replica leader election for partitions  (kafka.controller.KafkaController)
[2017-01-19 09:25:20,933] INFO [Partition state machine on Controller 0]: Invoking state change to OnlinePartition for partitions  (kafka.controller.PartitionStateMachine)
[2017-01-19 09:25:20,937] INFO [Controller 0]: starting the partition rebalance scheduler (kafka.controller.KafkaController)
[2017-01-19 09:25:20,950] INFO [BrokerChangeListener on Controller 0]: Broker change listener fired for path /brokers/ids with children 0 (kafka.controller.ReplicaStateMachine$BrokerChangeListener)
[2017-01-19 09:25:20,956] INFO [BrokerChangeListener on Controller 0]: Newly added brokers: 0, deleted brokers: , all live brokers: 0 (kafka.controller.ReplicaStateMachine$BrokerChangeListener)
[2017-01-19 09:25:20,956] DEBUG [Channel manager on controller 0]: Controller 0 trying to connect to broker 0 (kafka.controller.ControllerChannelManager)
[2017-01-19 09:25:20,958] INFO [Controller 0]: New broker startup callback for 0 (kafka.controller.KafkaController)
[2017-01-19 09:25:20,966] INFO [Controller-0-to-broker-0-send-thread], Starting  (kafka.controller.RequestSendThread)
[2017-01-19 09:25:20,967] INFO [Controller-0-to-broker-0-send-thread], Controller 0 connected to anshuman-Aspire-E5-571:9092 (id: 0 rack: null) for sending state change requests (kafka.controller.RequestSendThread)
[2017-01-19 09:25:20,968] INFO [Replica state machine on controller 0]: Invoking state change to OnlineReplica for replicas [Topic=twitterstream,Partition=0,Replica=0] (kafka.controller.ReplicaStateMachine)
[2017-01-19 09:25:20,982] DEBUG [OfflinePartitionLeaderSelector]: Some broker in ISR is alive for [twitterstream,0]. Select 0 from ISR 0 to be the leader. (kafka.controller.OfflinePartitionLeaderSelector)
[2017-01-19 09:25:20,982] INFO [OfflinePartitionLeaderSelector]: Selected new leader and ISR {"leader":0,"leader_epoch":3,"isr":[0]} for offline partition [twitterstream,0] (kafka.controller.OfflinePartitionLeaderSelector)
[2017-01-19 09:25:20,997] DEBUG [Partition state machine on Controller 0]: After leader election, leader cache is updated to Map([twitterstream,0] -> (Leader:0,ISR:0,LeaderEpoch:3,ControllerEpoch:8)) (kafka.controller.PartitionStateMachine)
[2017-01-19 09:25:25,938] TRACE [Controller 0]: checking need to trigger partition rebalance (kafka.controller.KafkaController)
[2017-01-19 09:25:25,938] DEBUG [Controller 0]: preferred replicas by broker Map(0 -> Map([twitterstream,0] -> List(0))) (kafka.controller.KafkaController)
[2017-01-19 09:25:25,938] DEBUG [Controller 0]: topics not in preferred replica Map() (kafka.controller.KafkaController)
[2017-01-19 09:25:25,938] TRACE [Controller 0]: leader imbalance ratio for broker 0 is 0.000000 (kafka.controller.KafkaController)
