[2017-01-17 13:03:18,358] INFO Creating /controller (is it secure? false) (kafka.utils.ZKCheckedEphemeral)
[2017-01-17 13:03:19,624] INFO Result of znode creation is: OK (kafka.utils.ZKCheckedEphemeral)
[2017-01-17 13:03:19,624] INFO 0 successfully elected as leader (kafka.server.ZookeeperLeaderElector)
[2017-01-17 13:03:20,896] INFO re-registering broker info in ZK for broker 0 (kafka.server.KafkaHealthcheck$SessionExpireListener)
[2017-01-17 13:03:20,896] INFO Creating /brokers/ids/0 (is it secure? false) (kafka.utils.ZKCheckedEphemeral)
[2017-01-17 13:03:20,908] INFO Result of znode creation is: OK (kafka.utils.ZKCheckedEphemeral)
[2017-01-17 13:03:20,908] INFO Registered broker 0 at path /brokers/ids/0 with addresses: PLAINTEXT -> EndPoint(anshuman-Aspire-E5-571,9092,PLAINTEXT) (kafka.utils.ZkUtils)
[2017-01-17 13:03:20,908] INFO done re-registering broker (kafka.server.KafkaHealthcheck$SessionExpireListener)
[2017-01-17 13:03:20,908] INFO Subscribing to /brokers/topics path to watch for new topics (kafka.server.KafkaHealthcheck$SessionExpireListener)
[2017-01-17 13:03:20,974] INFO New leader is 0 (kafka.server.ZookeeperLeaderElector$LeaderChangeListener)
[2017-01-17 13:03:20,975] INFO [ReplicaFetcherManager on broker 0] Removed fetcher for partitions twitterstream-0 (kafka.server.ReplicaFetcherManager)
[2017-01-17 13:06:42,440] INFO [Group Metadata Manager on Broker 0]: Removed 0 expired offsets in 0 milliseconds. (kafka.coordinator.GroupMetadataManager)
[2017-01-17 13:16:15,383] INFO Creating /controller (is it secure? false) (kafka.utils.ZKCheckedEphemeral)
[2017-01-17 13:16:15,392] INFO Result of znode creation is: OK (kafka.utils.ZKCheckedEphemeral)
[2017-01-17 13:16:15,393] INFO 0 successfully elected as leader (kafka.server.ZookeeperLeaderElector)
[2017-01-17 13:16:16,682] INFO re-registering broker info in ZK for broker 0 (kafka.server.KafkaHealthcheck$SessionExpireListener)
[2017-01-17 13:16:16,683] INFO Creating /brokers/ids/0 (is it secure? false) (kafka.utils.ZKCheckedEphemeral)
[2017-01-17 13:16:16,729] INFO Result of znode creation is: OK (kafka.utils.ZKCheckedEphemeral)
[2017-01-17 13:16:16,729] INFO Registered broker 0 at path /brokers/ids/0 with addresses: PLAINTEXT -> EndPoint(anshuman-Aspire-E5-571,9092,PLAINTEXT) (kafka.utils.ZkUtils)
[2017-01-17 13:16:16,729] INFO done re-registering broker (kafka.server.KafkaHealthcheck$SessionExpireListener)
[2017-01-17 13:16:16,729] INFO Subscribing to /brokers/topics path to watch for new topics (kafka.server.KafkaHealthcheck$SessionExpireListener)
[2017-01-17 13:16:16,750] INFO [ReplicaFetcherManager on broker 0] Removed fetcher for partitions twitterstream-0 (kafka.server.ReplicaFetcherManager)
[2017-01-17 13:16:16,750] INFO New leader is 0 (kafka.server.ZookeeperLeaderElector$LeaderChangeListener)
[2017-01-17 13:16:42,440] INFO [Group Metadata Manager on Broker 0]: Removed 0 expired offsets in 0 milliseconds. (kafka.coordinator.GroupMetadataManager)
[2017-01-17 13:26:42,440] INFO [Group Metadata Manager on Broker 0]: Removed 0 expired offsets in 0 milliseconds. (kafka.coordinator.GroupMetadataManager)
[2017-01-17 13:36:42,440] INFO [Group Metadata Manager on Broker 0]: Removed 0 expired offsets in 0 milliseconds. (kafka.coordinator.GroupMetadataManager)
[2017-01-17 13:46:42,440] INFO [Group Metadata Manager on Broker 0]: Removed 0 expired offsets in 0 milliseconds. (kafka.coordinator.GroupMetadataManager)
[2017-01-17 13:49:55,664] INFO Creating /controller (is it secure? false) (kafka.utils.ZKCheckedEphemeral)
[2017-01-17 13:49:56,810] INFO Result of znode creation is: OK (kafka.utils.ZKCheckedEphemeral)
[2017-01-17 13:49:56,810] INFO 0 successfully elected as leader (kafka.server.ZookeeperLeaderElector)
[2017-01-17 13:49:56,878] INFO re-registering broker info in ZK for broker 0 (kafka.server.KafkaHealthcheck$SessionExpireListener)
[2017-01-17 13:49:56,879] INFO Creating /brokers/ids/0 (is it secure? false) (kafka.utils.ZKCheckedEphemeral)
[2017-01-17 13:49:56,921] INFO Result of znode creation is: OK (kafka.utils.ZKCheckedEphemeral)
[2017-01-17 13:49:56,921] INFO Registered broker 0 at path /brokers/ids/0 with addresses: PLAINTEXT -> EndPoint(anshuman-Aspire-E5-571,9092,PLAINTEXT) (kafka.utils.ZkUtils)
[2017-01-17 13:49:56,921] INFO done re-registering broker (kafka.server.KafkaHealthcheck$SessionExpireListener)
[2017-01-17 13:49:56,921] INFO Subscribing to /brokers/topics path to watch for new topics (kafka.server.KafkaHealthcheck$SessionExpireListener)
[2017-01-17 13:49:56,960] INFO [ReplicaFetcherManager on broker 0] Removed fetcher for partitions twitterstream-0 (kafka.server.ReplicaFetcherManager)
[2017-01-17 13:49:56,967] INFO New leader is 0 (kafka.server.ZookeeperLeaderElector$LeaderChangeListener)
[2017-01-17 13:53:42,838] INFO [Kafka Server 0], shutting down (kafka.server.KafkaServer)
[2017-01-17 13:53:42,838] INFO [Kafka Server 0], Starting controlled shutdown (kafka.server.KafkaServer)
[2017-01-17 13:53:42,859] INFO [Kafka Server 0], Controlled shutdown succeeded (kafka.server.KafkaServer)
[2017-01-17 13:53:42,861] INFO [Socket Server on Broker 0], Shutting down (kafka.network.SocketServer)
[2017-01-17 13:53:42,866] INFO [Socket Server on Broker 0], Shutdown completed (kafka.network.SocketServer)
[2017-01-17 13:53:42,867] INFO [Kafka Request Handler on Broker 0], shutting down (kafka.server.KafkaRequestHandlerPool)
[2017-01-17 13:53:42,871] INFO [Kafka Request Handler on Broker 0], shut down completely (kafka.server.KafkaRequestHandlerPool)
[2017-01-17 13:53:42,874] INFO [ThrottledRequestReaper-Fetch], Shutting down (kafka.server.ClientQuotaManager$ThrottledRequestReaper)
[2017-01-17 13:53:42,922] INFO [ThrottledRequestReaper-Fetch], Stopped  (kafka.server.ClientQuotaManager$ThrottledRequestReaper)
[2017-01-17 13:53:42,922] INFO [ThrottledRequestReaper-Fetch], Shutdown completed (kafka.server.ClientQuotaManager$ThrottledRequestReaper)
[2017-01-17 13:53:42,922] INFO [ThrottledRequestReaper-Produce], Shutting down (kafka.server.ClientQuotaManager$ThrottledRequestReaper)
[2017-01-17 13:53:43,916] INFO [ThrottledRequestReaper-Produce], Stopped  (kafka.server.ClientQuotaManager$ThrottledRequestReaper)
[2017-01-17 13:53:43,916] INFO [ThrottledRequestReaper-Produce], Shutdown completed (kafka.server.ClientQuotaManager$ThrottledRequestReaper)
[2017-01-17 13:53:43,918] INFO [KafkaApi-0] Shutdown complete. (kafka.server.KafkaApis)
[2017-01-17 13:53:43,920] INFO [Replica Manager on Broker 0]: Shutting down (kafka.server.ReplicaManager)
[2017-01-17 13:53:43,920] INFO [ReplicaFetcherManager on broker 0] shutting down (kafka.server.ReplicaFetcherManager)
[2017-01-17 13:53:43,922] INFO [ReplicaFetcherManager on broker 0] shutdown completed (kafka.server.ReplicaFetcherManager)
[2017-01-17 13:53:43,922] INFO [ExpirationReaper-0], Shutting down (kafka.server.DelayedOperationPurgatory$ExpiredOperationReaper)
[2017-01-17 13:53:43,956] INFO [ExpirationReaper-0], Stopped  (kafka.server.DelayedOperationPurgatory$ExpiredOperationReaper)
[2017-01-17 13:53:43,956] INFO [ExpirationReaper-0], Shutdown completed (kafka.server.DelayedOperationPurgatory$ExpiredOperationReaper)
[2017-01-17 13:53:43,956] INFO [ExpirationReaper-0], Shutting down (kafka.server.DelayedOperationPurgatory$ExpiredOperationReaper)
[2017-01-17 13:53:44,144] INFO [ExpirationReaper-0], Stopped  (kafka.server.DelayedOperationPurgatory$ExpiredOperationReaper)
[2017-01-17 13:53:44,144] INFO [ExpirationReaper-0], Shutdown completed (kafka.server.DelayedOperationPurgatory$ExpiredOperationReaper)
[2017-01-17 13:53:44,154] INFO [Replica Manager on Broker 0]: Shut down completely (kafka.server.ReplicaManager)
[2017-01-17 13:53:44,155] INFO [ExpirationReaper-0], Shutting down (kafka.server.DelayedOperationPurgatory$ExpiredOperationReaper)
[2017-01-17 13:53:44,344] INFO [ExpirationReaper-0], Stopped  (kafka.server.DelayedOperationPurgatory$ExpiredOperationReaper)
[2017-01-17 13:53:44,344] INFO [ExpirationReaper-0], Shutdown completed (kafka.server.DelayedOperationPurgatory$ExpiredOperationReaper)
[2017-01-17 13:53:44,345] INFO Shutting down. (kafka.log.LogManager)
[2017-01-17 13:53:45,707] INFO Shutdown complete. (kafka.log.LogManager)
[2017-01-17 13:53:45,707] INFO [GroupCoordinator 0]: Shutting down. (kafka.coordinator.GroupCoordinator)
[2017-01-17 13:53:45,708] INFO [ExpirationReaper-0], Shutting down (kafka.server.DelayedOperationPurgatory$ExpiredOperationReaper)
[2017-01-17 13:53:45,773] INFO [ExpirationReaper-0], Stopped  (kafka.server.DelayedOperationPurgatory$ExpiredOperationReaper)
[2017-01-17 13:53:45,773] INFO [ExpirationReaper-0], Shutdown completed (kafka.server.DelayedOperationPurgatory$ExpiredOperationReaper)
[2017-01-17 13:53:45,773] INFO [ExpirationReaper-0], Shutting down (kafka.server.DelayedOperationPurgatory$ExpiredOperationReaper)
[2017-01-17 13:53:45,950] INFO [ExpirationReaper-0], Stopped  (kafka.server.DelayedOperationPurgatory$ExpiredOperationReaper)
[2017-01-17 13:53:45,950] INFO [ExpirationReaper-0], Shutdown completed (kafka.server.DelayedOperationPurgatory$ExpiredOperationReaper)
[2017-01-17 13:53:45,950] INFO [GroupCoordinator 0]: Shutdown complete. (kafka.coordinator.GroupCoordinator)
[2017-01-17 13:53:45,973] INFO [Kafka Server 0], shut down completed (kafka.server.KafkaServer)
