[2017-01-17 13:03:20,882] TRACE Controller 0 epoch 14 started leader election for partition [twitterstream,0] (state.change.logger)
[2017-01-17 13:03:20,891] ERROR Controller 0 epoch 14 initiated state change for partition [twitterstream,0] from OfflinePartition to OnlinePartition failed (state.change.logger)
kafka.common.NoReplicaOnlineException: No replica for partition [twitterstream,0] is alive. Live brokers are: [Set()], Assigned replicas are: [List(0)]
	at kafka.controller.OfflinePartitionLeaderSelector.selectLeader(PartitionLeaderSelector.scala:73)
	at kafka.controller.PartitionStateMachine.electLeaderForPartition(PartitionStateMachine.scala:344)
	at kafka.controller.PartitionStateMachine.kafka$controller$PartitionStateMachine$$handleStateChange(PartitionStateMachine.scala:205)
	at kafka.controller.PartitionStateMachine$$anonfun$triggerOnlinePartitionStateChange$3.apply(PartitionStateMachine.scala:120)
	at kafka.controller.PartitionStateMachine$$anonfun$triggerOnlinePartitionStateChange$3.apply(PartitionStateMachine.scala:117)
	at scala.collection.TraversableLike$WithFilter$$anonfun$foreach$1.apply(TraversableLike.scala:733)
	at scala.collection.mutable.HashMap$$anonfun$foreach$1.apply(HashMap.scala:99)
	at scala.collection.mutable.HashMap$$anonfun$foreach$1.apply(HashMap.scala:99)
	at scala.collection.mutable.HashTable$class.foreachEntry(HashTable.scala:230)
	at scala.collection.mutable.HashMap.foreachEntry(HashMap.scala:40)
	at scala.collection.mutable.HashMap.foreach(HashMap.scala:99)
	at scala.collection.TraversableLike$WithFilter.foreach(TraversableLike.scala:732)
	at kafka.controller.PartitionStateMachine.triggerOnlinePartitionStateChange(PartitionStateMachine.scala:117)
	at kafka.controller.PartitionStateMachine.startup(PartitionStateMachine.scala:70)
	at kafka.controller.KafkaController.onControllerFailover(KafkaController.scala:336)
	at kafka.controller.KafkaController$$anonfun$1.apply$mcV$sp(KafkaController.scala:167)
	at kafka.server.ZookeeperLeaderElector.elect(ZookeeperLeaderElector.scala:84)
	at kafka.controller.KafkaController$SessionExpirationListener$$anonfun$handleNewSession$1.apply$mcZ$sp(KafkaController.scala:1168)
	at kafka.controller.KafkaController$SessionExpirationListener$$anonfun$handleNewSession$1.apply(KafkaController.scala:1166)
	at kafka.controller.KafkaController$SessionExpirationListener$$anonfun$handleNewSession$1.apply(KafkaController.scala:1166)
	at kafka.utils.CoreUtils$.inLock(CoreUtils.scala:234)
	at kafka.controller.KafkaController$SessionExpirationListener.handleNewSession(KafkaController.scala:1166)
	at org.I0Itec.zkclient.ZkClient$6.run(ZkClient.java:735)
	at org.I0Itec.zkclient.ZkEventThread.run(ZkEventThread.java:71)
[2017-01-17 13:03:20,936] TRACE Controller 0 epoch 14 sending UpdateMetadata request (Leader:0,ISR:0,LeaderEpoch:12,ControllerEpoch:13) to broker 0 for partition twitterstream-0 (state.change.logger)
[2017-01-17 13:03:20,937] TRACE Controller 0 epoch 14 changed state of replica 0 for partition [twitterstream,0] from ReplicaDeletionIneligible to OnlineReplica (state.change.logger)
[2017-01-17 13:03:20,937] TRACE Controller 0 epoch 14 sending become-leader LeaderAndIsr request (Leader:0,ISR:0,LeaderEpoch:12,ControllerEpoch:13) to broker 0 for partition [twitterstream,0] (state.change.logger)
[2017-01-17 13:03:20,937] TRACE Controller 0 epoch 14 sending UpdateMetadata request (Leader:0,ISR:0,LeaderEpoch:12,ControllerEpoch:13) to broker 0 for partition twitterstream-0 (state.change.logger)
[2017-01-17 13:03:20,937] TRACE Controller 0 epoch 14 started leader election for partition [twitterstream,0] (state.change.logger)
[2017-01-17 13:03:20,943] TRACE Broker 0 cached leader info (LeaderAndIsrInfo:(Leader:0,ISR:0,LeaderEpoch:12,ControllerEpoch:13),ReplicationFactor:1),AllReplicas:0) for partition twitterstream-0 in response to UpdateMetadata request sent by controller 0 epoch 14 with correlation id 0 (state.change.logger)
[2017-01-17 13:03:20,948] TRACE Controller 0 epoch 14 received response {error_code=0} for a request sent to broker anshuman-Aspire-E5-571:9092 (id: 0 rack: null) (state.change.logger)
[2017-01-17 13:03:20,949] TRACE Broker 0 received LeaderAndIsr request PartitionState(controllerEpoch=13, leader=0, leaderEpoch=12, isr=[0], zkVersion=12, replicas=[0]) correlation id 1 from controller 0 epoch 14 for partition [twitterstream,0] (state.change.logger)
[2017-01-17 13:03:20,949] WARN Broker 0 ignoring LeaderAndIsr request from controller 0 with correlation id 1 epoch 14 for partition [twitterstream,0] since its associated leader epoch 12 is not higher than the current leader epoch 12 (state.change.logger)
[2017-01-17 13:03:20,949] TRACE Controller 0 epoch 14 received response {error_code=0,partitions=[{topic=twitterstream,partition=0,error_code=11}]} for a request sent to broker anshuman-Aspire-E5-571:9092 (id: 0 rack: null) (state.change.logger)
[2017-01-17 13:03:20,959] TRACE Broker 0 cached leader info (LeaderAndIsrInfo:(Leader:0,ISR:0,LeaderEpoch:12,ControllerEpoch:13),ReplicationFactor:1),AllReplicas:0) for partition twitterstream-0 in response to UpdateMetadata request sent by controller 0 epoch 14 with correlation id 2 (state.change.logger)
[2017-01-17 13:03:20,959] TRACE Controller 0 epoch 14 received response {error_code=0} for a request sent to broker anshuman-Aspire-E5-571:9092 (id: 0 rack: null) (state.change.logger)
[2017-01-17 13:03:20,967] TRACE Controller 0 epoch 14 elected leader 0 for Offline partition [twitterstream,0] (state.change.logger)
[2017-01-17 13:03:20,968] TRACE Controller 0 epoch 14 changed partition [twitterstream,0] from OfflinePartition to OnlinePartition with leader 0 (state.change.logger)
[2017-01-17 13:03:20,968] TRACE Controller 0 epoch 14 sending become-leader LeaderAndIsr request (Leader:0,ISR:0,LeaderEpoch:13,ControllerEpoch:14) to broker 0 for partition [twitterstream,0] (state.change.logger)
[2017-01-17 13:03:20,968] TRACE Controller 0 epoch 14 sending UpdateMetadata request (Leader:0,ISR:0,LeaderEpoch:13,ControllerEpoch:14) to broker 0 for partition twitterstream-0 (state.change.logger)
[2017-01-17 13:03:20,975] TRACE Broker 0 received LeaderAndIsr request PartitionState(controllerEpoch=14, leader=0, leaderEpoch=13, isr=[0], zkVersion=13, replicas=[0]) correlation id 3 from controller 0 epoch 14 for partition [twitterstream,0] (state.change.logger)
[2017-01-17 13:03:20,975] TRACE Broker 0 handling LeaderAndIsr request correlationId 3 from controller 0 epoch 14 starting the become-leader transition for partition [twitterstream,0] (state.change.logger)
[2017-01-17 13:03:20,978] INFO Broker 0 skipped the become-leader state change after marking its partition as leader with correlation id 3 from controller 0 epoch 14 for partition [twitterstream,0] since it is already the leader for the partition. (state.change.logger)
[2017-01-17 13:03:20,978] TRACE Broker 0 completed LeaderAndIsr request correlationId 3 from controller 0 epoch 14 for the become-leader transition for partition [twitterstream,0] (state.change.logger)
[2017-01-17 13:03:20,980] TRACE Controller 0 epoch 14 received response {error_code=0,partitions=[{topic=twitterstream,partition=0,error_code=0}]} for a request sent to broker anshuman-Aspire-E5-571:9092 (id: 0 rack: null) (state.change.logger)
[2017-01-17 13:03:20,980] TRACE Broker 0 cached leader info (LeaderAndIsrInfo:(Leader:0,ISR:0,LeaderEpoch:13,ControllerEpoch:14),ReplicationFactor:1),AllReplicas:0) for partition twitterstream-0 in response to UpdateMetadata request sent by controller 0 epoch 14 with correlation id 4 (state.change.logger)
[2017-01-17 13:03:20,981] TRACE Controller 0 epoch 14 received response {error_code=0} for a request sent to broker anshuman-Aspire-E5-571:9092 (id: 0 rack: null) (state.change.logger)
[2017-01-17 13:16:15,408] TRACE Controller 0 epoch 15 started leader election for partition [twitterstream,0] (state.change.logger)
[2017-01-17 13:16:15,414] ERROR Controller 0 epoch 15 initiated state change for partition [twitterstream,0] from OfflinePartition to OnlinePartition failed (state.change.logger)
kafka.common.NoReplicaOnlineException: No replica for partition [twitterstream,0] is alive. Live brokers are: [Set()], Assigned replicas are: [List(0)]
	at kafka.controller.OfflinePartitionLeaderSelector.selectLeader(PartitionLeaderSelector.scala:73)
	at kafka.controller.PartitionStateMachine.electLeaderForPartition(PartitionStateMachine.scala:344)
	at kafka.controller.PartitionStateMachine.kafka$controller$PartitionStateMachine$$handleStateChange(PartitionStateMachine.scala:205)
	at kafka.controller.PartitionStateMachine$$anonfun$triggerOnlinePartitionStateChange$3.apply(PartitionStateMachine.scala:120)
	at kafka.controller.PartitionStateMachine$$anonfun$triggerOnlinePartitionStateChange$3.apply(PartitionStateMachine.scala:117)
	at scala.collection.TraversableLike$WithFilter$$anonfun$foreach$1.apply(TraversableLike.scala:733)
	at scala.collection.mutable.HashMap$$anonfun$foreach$1.apply(HashMap.scala:99)
	at scala.collection.mutable.HashMap$$anonfun$foreach$1.apply(HashMap.scala:99)
	at scala.collection.mutable.HashTable$class.foreachEntry(HashTable.scala:230)
	at scala.collection.mutable.HashMap.foreachEntry(HashMap.scala:40)
	at scala.collection.mutable.HashMap.foreach(HashMap.scala:99)
	at scala.collection.TraversableLike$WithFilter.foreach(TraversableLike.scala:732)
	at kafka.controller.PartitionStateMachine.triggerOnlinePartitionStateChange(PartitionStateMachine.scala:117)
	at kafka.controller.PartitionStateMachine.startup(PartitionStateMachine.scala:70)
	at kafka.controller.KafkaController.onControllerFailover(KafkaController.scala:336)
	at kafka.controller.KafkaController$$anonfun$1.apply$mcV$sp(KafkaController.scala:167)
	at kafka.server.ZookeeperLeaderElector.elect(ZookeeperLeaderElector.scala:84)
	at kafka.controller.KafkaController$SessionExpirationListener$$anonfun$handleNewSession$1.apply$mcZ$sp(KafkaController.scala:1168)
	at kafka.controller.KafkaController$SessionExpirationListener$$anonfun$handleNewSession$1.apply(KafkaController.scala:1166)
	at kafka.controller.KafkaController$SessionExpirationListener$$anonfun$handleNewSession$1.apply(KafkaController.scala:1166)
	at kafka.utils.CoreUtils$.inLock(CoreUtils.scala:234)
	at kafka.controller.KafkaController$SessionExpirationListener.handleNewSession(KafkaController.scala:1166)
	at org.I0Itec.zkclient.ZkClient$6.run(ZkClient.java:735)
	at org.I0Itec.zkclient.ZkEventThread.run(ZkEventThread.java:71)
[2017-01-17 13:16:16,735] TRACE Controller 0 epoch 15 sending UpdateMetadata request (Leader:0,ISR:0,LeaderEpoch:13,ControllerEpoch:14) to broker 0 for partition twitterstream-0 (state.change.logger)
[2017-01-17 13:16:16,741] TRACE Broker 0 cached leader info (LeaderAndIsrInfo:(Leader:0,ISR:0,LeaderEpoch:13,ControllerEpoch:14),ReplicationFactor:1),AllReplicas:0) for partition twitterstream-0 in response to UpdateMetadata request sent by controller 0 epoch 15 with correlation id 0 (state.change.logger)
[2017-01-17 13:16:16,742] TRACE Controller 0 epoch 15 changed state of replica 0 for partition [twitterstream,0] from ReplicaDeletionIneligible to OnlineReplica (state.change.logger)
[2017-01-17 13:16:16,742] TRACE Controller 0 epoch 15 received response {error_code=0} for a request sent to broker anshuman-Aspire-E5-571:9092 (id: 0 rack: null) (state.change.logger)
[2017-01-17 13:16:16,742] TRACE Controller 0 epoch 15 sending become-leader LeaderAndIsr request (Leader:0,ISR:0,LeaderEpoch:13,ControllerEpoch:14) to broker 0 for partition [twitterstream,0] (state.change.logger)
[2017-01-17 13:16:16,743] TRACE Controller 0 epoch 15 sending UpdateMetadata request (Leader:0,ISR:0,LeaderEpoch:13,ControllerEpoch:14) to broker 0 for partition twitterstream-0 (state.change.logger)
[2017-01-17 13:16:16,743] TRACE Controller 0 epoch 15 started leader election for partition [twitterstream,0] (state.change.logger)
[2017-01-17 13:16:16,743] TRACE Broker 0 received LeaderAndIsr request PartitionState(controllerEpoch=14, leader=0, leaderEpoch=13, isr=[0], zkVersion=13, replicas=[0]) correlation id 1 from controller 0 epoch 15 for partition [twitterstream,0] (state.change.logger)
[2017-01-17 13:16:16,743] WARN Broker 0 ignoring LeaderAndIsr request from controller 0 with correlation id 1 epoch 15 for partition [twitterstream,0] since its associated leader epoch 13 is not higher than the current leader epoch 13 (state.change.logger)
[2017-01-17 13:16:16,743] TRACE Controller 0 epoch 15 received response {error_code=0,partitions=[{topic=twitterstream,partition=0,error_code=11}]} for a request sent to broker anshuman-Aspire-E5-571:9092 (id: 0 rack: null) (state.change.logger)
[2017-01-17 13:16:16,743] TRACE Broker 0 cached leader info (LeaderAndIsrInfo:(Leader:0,ISR:0,LeaderEpoch:13,ControllerEpoch:14),ReplicationFactor:1),AllReplicas:0) for partition twitterstream-0 in response to UpdateMetadata request sent by controller 0 epoch 15 with correlation id 2 (state.change.logger)
[2017-01-17 13:16:16,744] TRACE Controller 0 epoch 15 received response {error_code=0} for a request sent to broker anshuman-Aspire-E5-571:9092 (id: 0 rack: null) (state.change.logger)
[2017-01-17 13:16:16,748] TRACE Controller 0 epoch 15 elected leader 0 for Offline partition [twitterstream,0] (state.change.logger)
[2017-01-17 13:16:16,748] TRACE Controller 0 epoch 15 changed partition [twitterstream,0] from OfflinePartition to OnlinePartition with leader 0 (state.change.logger)
[2017-01-17 13:16:16,748] TRACE Controller 0 epoch 15 sending become-leader LeaderAndIsr request (Leader:0,ISR:0,LeaderEpoch:14,ControllerEpoch:15) to broker 0 for partition [twitterstream,0] (state.change.logger)
[2017-01-17 13:16:16,748] TRACE Controller 0 epoch 15 sending UpdateMetadata request (Leader:0,ISR:0,LeaderEpoch:14,ControllerEpoch:15) to broker 0 for partition twitterstream-0 (state.change.logger)
[2017-01-17 13:16:16,750] TRACE Broker 0 received LeaderAndIsr request PartitionState(controllerEpoch=15, leader=0, leaderEpoch=14, isr=[0], zkVersion=14, replicas=[0]) correlation id 3 from controller 0 epoch 15 for partition [twitterstream,0] (state.change.logger)
[2017-01-17 13:16:16,750] TRACE Broker 0 handling LeaderAndIsr request correlationId 3 from controller 0 epoch 15 starting the become-leader transition for partition [twitterstream,0] (state.change.logger)
[2017-01-17 13:16:16,751] INFO Broker 0 skipped the become-leader state change after marking its partition as leader with correlation id 3 from controller 0 epoch 15 for partition [twitterstream,0] since it is already the leader for the partition. (state.change.logger)
[2017-01-17 13:16:16,751] TRACE Broker 0 completed LeaderAndIsr request correlationId 3 from controller 0 epoch 15 for the become-leader transition for partition [twitterstream,0] (state.change.logger)
[2017-01-17 13:16:16,754] TRACE Controller 0 epoch 15 received response {error_code=0,partitions=[{topic=twitterstream,partition=0,error_code=0}]} for a request sent to broker anshuman-Aspire-E5-571:9092 (id: 0 rack: null) (state.change.logger)
[2017-01-17 13:16:16,754] TRACE Broker 0 cached leader info (LeaderAndIsrInfo:(Leader:0,ISR:0,LeaderEpoch:14,ControllerEpoch:15),ReplicationFactor:1),AllReplicas:0) for partition twitterstream-0 in response to UpdateMetadata request sent by controller 0 epoch 15 with correlation id 4 (state.change.logger)
[2017-01-17 13:16:16,754] TRACE Controller 0 epoch 15 received response {error_code=0} for a request sent to broker anshuman-Aspire-E5-571:9092 (id: 0 rack: null) (state.change.logger)
[2017-01-17 13:49:56,852] TRACE Controller 0 epoch 16 started leader election for partition [twitterstream,0] (state.change.logger)
[2017-01-17 13:49:56,873] ERROR Controller 0 epoch 16 initiated state change for partition [twitterstream,0] from OfflinePartition to OnlinePartition failed (state.change.logger)
kafka.common.NoReplicaOnlineException: No replica for partition [twitterstream,0] is alive. Live brokers are: [Set()], Assigned replicas are: [List(0)]
	at kafka.controller.OfflinePartitionLeaderSelector.selectLeader(PartitionLeaderSelector.scala:73)
	at kafka.controller.PartitionStateMachine.electLeaderForPartition(PartitionStateMachine.scala:344)
	at kafka.controller.PartitionStateMachine.kafka$controller$PartitionStateMachine$$handleStateChange(PartitionStateMachine.scala:205)
	at kafka.controller.PartitionStateMachine$$anonfun$triggerOnlinePartitionStateChange$3.apply(PartitionStateMachine.scala:120)
	at kafka.controller.PartitionStateMachine$$anonfun$triggerOnlinePartitionStateChange$3.apply(PartitionStateMachine.scala:117)
	at scala.collection.TraversableLike$WithFilter$$anonfun$foreach$1.apply(TraversableLike.scala:733)
	at scala.collection.mutable.HashMap$$anonfun$foreach$1.apply(HashMap.scala:99)
	at scala.collection.mutable.HashMap$$anonfun$foreach$1.apply(HashMap.scala:99)
	at scala.collection.mutable.HashTable$class.foreachEntry(HashTable.scala:230)
	at scala.collection.mutable.HashMap.foreachEntry(HashMap.scala:40)
	at scala.collection.mutable.HashMap.foreach(HashMap.scala:99)
	at scala.collection.TraversableLike$WithFilter.foreach(TraversableLike.scala:732)
	at kafka.controller.PartitionStateMachine.triggerOnlinePartitionStateChange(PartitionStateMachine.scala:117)
	at kafka.controller.PartitionStateMachine.startup(PartitionStateMachine.scala:70)
	at kafka.controller.KafkaController.onControllerFailover(KafkaController.scala:336)
	at kafka.controller.KafkaController$$anonfun$1.apply$mcV$sp(KafkaController.scala:167)
	at kafka.server.ZookeeperLeaderElector.elect(ZookeeperLeaderElector.scala:84)
	at kafka.controller.KafkaController$SessionExpirationListener$$anonfun$handleNewSession$1.apply$mcZ$sp(KafkaController.scala:1168)
	at kafka.controller.KafkaController$SessionExpirationListener$$anonfun$handleNewSession$1.apply(KafkaController.scala:1166)
	at kafka.controller.KafkaController$SessionExpirationListener$$anonfun$handleNewSession$1.apply(KafkaController.scala:1166)
	at kafka.utils.CoreUtils$.inLock(CoreUtils.scala:234)
	at kafka.controller.KafkaController$SessionExpirationListener.handleNewSession(KafkaController.scala:1166)
	at org.I0Itec.zkclient.ZkClient$6.run(ZkClient.java:735)
	at org.I0Itec.zkclient.ZkEventThread.run(ZkEventThread.java:71)
[2017-01-17 13:49:56,935] TRACE Controller 0 epoch 16 sending UpdateMetadata request (Leader:0,ISR:0,LeaderEpoch:14,ControllerEpoch:15) to broker 0 for partition twitterstream-0 (state.change.logger)
[2017-01-17 13:49:56,943] TRACE Controller 0 epoch 16 changed state of replica 0 for partition [twitterstream,0] from ReplicaDeletionIneligible to OnlineReplica (state.change.logger)
[2017-01-17 13:49:56,943] TRACE Controller 0 epoch 16 sending become-leader LeaderAndIsr request (Leader:0,ISR:0,LeaderEpoch:14,ControllerEpoch:15) to broker 0 for partition [twitterstream,0] (state.change.logger)
[2017-01-17 13:49:56,944] TRACE Controller 0 epoch 16 sending UpdateMetadata request (Leader:0,ISR:0,LeaderEpoch:14,ControllerEpoch:15) to broker 0 for partition twitterstream-0 (state.change.logger)
[2017-01-17 13:49:56,944] TRACE Controller 0 epoch 16 started leader election for partition [twitterstream,0] (state.change.logger)
[2017-01-17 13:49:56,944] TRACE Broker 0 cached leader info (LeaderAndIsrInfo:(Leader:0,ISR:0,LeaderEpoch:14,ControllerEpoch:15),ReplicationFactor:1),AllReplicas:0) for partition twitterstream-0 in response to UpdateMetadata request sent by controller 0 epoch 16 with correlation id 0 (state.change.logger)
[2017-01-17 13:49:56,944] TRACE Controller 0 epoch 16 received response {error_code=0} for a request sent to broker anshuman-Aspire-E5-571:9092 (id: 0 rack: null) (state.change.logger)
[2017-01-17 13:49:56,946] TRACE Broker 0 received LeaderAndIsr request PartitionState(controllerEpoch=15, leader=0, leaderEpoch=14, isr=[0], zkVersion=14, replicas=[0]) correlation id 1 from controller 0 epoch 16 for partition [twitterstream,0] (state.change.logger)
[2017-01-17 13:49:56,946] WARN Broker 0 ignoring LeaderAndIsr request from controller 0 with correlation id 1 epoch 16 for partition [twitterstream,0] since its associated leader epoch 14 is not higher than the current leader epoch 14 (state.change.logger)
[2017-01-17 13:49:56,947] TRACE Controller 0 epoch 16 received response {error_code=0,partitions=[{topic=twitterstream,partition=0,error_code=11}]} for a request sent to broker anshuman-Aspire-E5-571:9092 (id: 0 rack: null) (state.change.logger)
[2017-01-17 13:49:56,947] TRACE Broker 0 cached leader info (LeaderAndIsrInfo:(Leader:0,ISR:0,LeaderEpoch:14,ControllerEpoch:15),ReplicationFactor:1),AllReplicas:0) for partition twitterstream-0 in response to UpdateMetadata request sent by controller 0 epoch 16 with correlation id 2 (state.change.logger)
[2017-01-17 13:49:56,951] TRACE Controller 0 epoch 16 received response {error_code=0} for a request sent to broker anshuman-Aspire-E5-571:9092 (id: 0 rack: null) (state.change.logger)
[2017-01-17 13:49:56,952] TRACE Controller 0 epoch 16 elected leader 0 for Offline partition [twitterstream,0] (state.change.logger)
[2017-01-17 13:49:56,957] TRACE Controller 0 epoch 16 changed partition [twitterstream,0] from OfflinePartition to OnlinePartition with leader 0 (state.change.logger)
[2017-01-17 13:49:56,957] TRACE Controller 0 epoch 16 sending become-leader LeaderAndIsr request (Leader:0,ISR:0,LeaderEpoch:15,ControllerEpoch:16) to broker 0 for partition [twitterstream,0] (state.change.logger)
[2017-01-17 13:49:56,957] TRACE Controller 0 epoch 16 sending UpdateMetadata request (Leader:0,ISR:0,LeaderEpoch:15,ControllerEpoch:16) to broker 0 for partition twitterstream-0 (state.change.logger)
[2017-01-17 13:49:56,959] TRACE Broker 0 received LeaderAndIsr request PartitionState(controllerEpoch=16, leader=0, leaderEpoch=15, isr=[0], zkVersion=15, replicas=[0]) correlation id 3 from controller 0 epoch 16 for partition [twitterstream,0] (state.change.logger)
[2017-01-17 13:49:56,960] TRACE Broker 0 handling LeaderAndIsr request correlationId 3 from controller 0 epoch 16 starting the become-leader transition for partition [twitterstream,0] (state.change.logger)
[2017-01-17 13:49:56,960] INFO Broker 0 skipped the become-leader state change after marking its partition as leader with correlation id 3 from controller 0 epoch 16 for partition [twitterstream,0] since it is already the leader for the partition. (state.change.logger)
[2017-01-17 13:49:56,960] TRACE Broker 0 completed LeaderAndIsr request correlationId 3 from controller 0 epoch 16 for the become-leader transition for partition [twitterstream,0] (state.change.logger)
[2017-01-17 13:49:56,960] TRACE Controller 0 epoch 16 received response {error_code=0,partitions=[{topic=twitterstream,partition=0,error_code=0}]} for a request sent to broker anshuman-Aspire-E5-571:9092 (id: 0 rack: null) (state.change.logger)
[2017-01-17 13:49:56,963] TRACE Broker 0 cached leader info (LeaderAndIsrInfo:(Leader:0,ISR:0,LeaderEpoch:15,ControllerEpoch:16),ReplicationFactor:1),AllReplicas:0) for partition twitterstream-0 in response to UpdateMetadata request sent by controller 0 epoch 16 with correlation id 4 (state.change.logger)
[2017-01-17 13:49:56,963] TRACE Controller 0 epoch 16 received response {error_code=0} for a request sent to broker anshuman-Aspire-E5-571:9092 (id: 0 rack: null) (state.change.logger)
